<?xml version="1.0" encoding="UTF-8"?>
<testng-results skipped="0" failed="0" ignored="0" total="1" passed="1">
  <reporter-output>
  </reporter-output>
  <suite name="Command line suite" duration-ms="47" started-at="2021-01-09T03:05:09 EST" finished-at="2021-01-09T03:05:09 EST">
    <groups>
    </groups>
    <test name="Command line test" duration-ms="47" started-at="2021-01-09T03:05:09 EST" finished-at="2021-01-09T03:05:09 EST">
      <class name="com.tutorials.testNG2.TeamCityTest.AppTest">
        <test-method status="PASS" signature="testApp()[pri:0, instance:testApp(com.tutorials.testNG2.TeamCityTest.AppTest)]" name="testApp" duration-ms="1" started-at="2021-01-09T03:05:09 EST" finished-at="2021-01-09T03:05:09 EST">
          <reporter-output>
          </reporter-output>
        </test-method> <!-- testApp -->
      </class> <!-- com.tutorials.testNG2.TeamCityTest.AppTest -->
    </test> <!-- Command line test -->
  </suite> <!-- Command line suite -->
</testng-results>
