<?xml version="1.0" encoding="UTF-8"?>
<testng-results skipped="0" failed="0" ignored="0" total="3" passed="3">
  <reporter-output>
  </reporter-output>
  <suite name="Command line suite" duration-ms="78" started-at="2021-01-09T03:05:09 EST" finished-at="2021-01-09T03:05:09 EST">
    <groups>
    </groups>
    <test name="Command line test" duration-ms="78" started-at="2021-01-09T03:05:09 EST" finished-at="2021-01-09T03:05:09 EST">
      <class name="com.tutorials.testNG2.TeamCityTest.TestClass1">
        <test-method status="PASS" signature="BeforeTestMethod()[pri:0, instance:com.tutorials.testNG2.TeamCityTest.TestClass1@6a41eaa2]" name="BeforeTestMethod" is-config="true" duration-ms="13" started-at="2021-01-09T03:05:09 EST" finished-at="2021-01-09T03:05:09 EST">
          <reporter-output>
          </reporter-output>
        </test-method> <!-- BeforeTestMethod -->
        <test-method status="PASS" signature="LaunchBrowser()[pri:0, instance:com.tutorials.testNG2.TeamCityTest.TestClass1@6a41eaa2]" name="LaunchBrowser" is-config="true" duration-ms="1" started-at="2021-01-09T03:05:09 EST" finished-at="2021-01-09T03:05:09 EST">
          <reporter-output>
          </reporter-output>
        </test-method> <!-- LaunchBrowser -->
        <test-method status="PASS" signature="openURL()[pri:0, instance:com.tutorials.testNG2.TeamCityTest.TestClass1@6a41eaa2]" name="openURL" is-config="true" duration-ms="0" started-at="2021-01-09T03:05:09 EST" finished-at="2021-01-09T03:05:09 EST">
          <reporter-output>
          </reporter-output>
        </test-method> <!-- openURL -->
        <test-method status="PASS" signature="SayHello()[pri:0, instance:com.tutorials.testNG2.TeamCityTest.TestClass1@6a41eaa2]" name="SayHello" duration-ms="1" started-at="2021-01-09T03:05:09 EST" finished-at="2021-01-09T03:05:09 EST">
          <reporter-output>
          </reporter-output>
        </test-method> <!-- SayHello -->
        <test-method status="PASS" signature="highestPriority()[pri:0, instance:com.tutorials.testNG2.TeamCityTest.TestClass1@6a41eaa2]" name="highestPriority" duration-ms="2" started-at="2021-01-09T03:05:09 EST" finished-at="2021-01-09T03:05:09 EST">
          <reporter-output>
          </reporter-output>
        </test-method> <!-- highestPriority -->
        <test-method status="PASS" signature="openURL()[pri:0, instance:com.tutorials.testNG2.TeamCityTest.TestClass1@6a41eaa2]" name="openURL" is-config="true" duration-ms="0" started-at="2021-01-09T03:05:09 EST" finished-at="2021-01-09T03:05:09 EST">
          <reporter-output>
          </reporter-output>
        </test-method> <!-- openURL -->
      </class> <!-- com.tutorials.testNG2.TeamCityTest.TestClass1 -->
      <class name="com.tutorials.testNG2.TeamCityTest.TestClass2">
        <test-method status="PASS" signature="secondClassTest()[pri:0, instance:com.tutorials.testNG2.TeamCityTest.TestClass2@7cd62f43]" name="secondClassTest" duration-ms="0" started-at="2021-01-09T03:05:09 EST" finished-at="2021-01-09T03:05:09 EST">
          <reporter-output>
          </reporter-output>
        </test-method> <!-- secondClassTest -->
      </class> <!-- com.tutorials.testNG2.TeamCityTest.TestClass2 -->
    </test> <!-- Command line test -->
  </suite> <!-- Command line suite -->
</testng-results>
