<?xml version="1.0" encoding="UTF-8"?>
<!-- Generated by org.testng.reporters.JUnitXMLReporter -->
<testsuite hostname="param" ignored="0" name="Command line test" tests="3" failures="0" timestamp="2021-01-09T03:05:09 EST" time="0.078" errors="0">
  <testcase name="SayHello" time="0.001" classname="com.tutorials.testNG2.TeamCityTest.TestClass1"/>
  <testcase name="highestPriority" time="0.002" classname="com.tutorials.testNG2.TeamCityTest.TestClass1"/>
  <testcase name="secondClassTest" time="0.0" classname="com.tutorials.testNG2.TeamCityTest.TestClass2"/>
</testsuite> <!-- Command line test -->
