<?xml version="1.0" encoding="UTF-8" ?>
<testsuite tests="4" failures="0" name="TestSuite" time="0.201" errors="0" skipped="0">
  <properties>
[...]
</properties>
  <testcase classname="com.tutorials.testNG2.TeamCityTest.TestClass1" name="SayHello" time="0.006"/>
  <testcase classname="com.tutorials.testNG2.TeamCityTest.TestClass1" name="highestPriority" time="0.004"/>
  <testcase classname="com.tutorials.testNG2.TeamCityTest.TestClass2" name="secondClassTest" time="0"/>
  <testcase classname="com.tutorials.testNG2.TeamCityTest.AppTest" name="testApp on testApp(com.tutorials.testNG2.TeamCityTest.AppTest)" time="0.191"/>
</testsuite>